mode: atomic
github.com/lyft/flytestdlib/config/files/finder.go:20.40,22.16 2 3
github.com/lyft/flytestdlib/config/files/finder.go:26.2,26.24 1 3
github.com/lyft/flytestdlib/config/files/finder.go:30.2,30.19 1 0
github.com/lyft/flytestdlib/config/files/finder.go:22.16,24.3 1 0
github.com/lyft/flytestdlib/config/files/finder.go:26.24,28.3 1 3
github.com/lyft/flytestdlib/config/files/finder.go:33.40,35.16 2 5
github.com/lyft/flytestdlib/config/files/finder.go:39.2,39.24 1 5
github.com/lyft/flytestdlib/config/files/finder.go:35.16,37.3 1 0
github.com/lyft/flytestdlib/config/files/finder.go:42.50,43.26 1 5
github.com/lyft/flytestdlib/config/files/finder.go:49.2,49.14 1 5
github.com/lyft/flytestdlib/config/files/finder.go:43.26,44.17 1 2
github.com/lyft/flytestdlib/config/files/finder.go:44.17,46.4 1 0
github.com/lyft/flytestdlib/config/files/finder.go:57.53,60.39 2 4
github.com/lyft/flytestdlib/config/files/finder.go:73.2,73.19 1 4
github.com/lyft/flytestdlib/config/files/finder.go:82.2,82.12 1 4
github.com/lyft/flytestdlib/config/files/finder.go:60.39,62.17 2 4
github.com/lyft/flytestdlib/config/files/finder.go:66.3,66.44 1 4
github.com/lyft/flytestdlib/config/files/finder.go:62.17,63.12 1 0
github.com/lyft/flytestdlib/config/files/finder.go:66.44,67.91 1 5
github.com/lyft/flytestdlib/config/files/finder.go:67.91,69.5 1 5
github.com/lyft/flytestdlib/config/files/finder.go:73.19,74.44 1 1
github.com/lyft/flytestdlib/config/files/finder.go:74.44,76.83 2 3
github.com/lyft/flytestdlib/config/files/finder.go:76.83,78.5 1 0
github.com/lyft/flytestdlib/atomic/atomic.go:9.28,11.2 1 8
github.com/lyft/flytestdlib/atomic/atomic.go:14.27,15.7 1 18
github.com/lyft/flytestdlib/atomic/atomic.go:18.2,18.10 1 10
github.com/lyft/flytestdlib/atomic/atomic.go:15.7,17.3 1 8
github.com/lyft/flytestdlib/atomic/atomic.go:26.33,28.2 1 2
github.com/lyft/flytestdlib/atomic/atomic.go:31.28,33.2 1 5
github.com/lyft/flytestdlib/atomic/atomic.go:36.51,38.2 1 6
github.com/lyft/flytestdlib/atomic/atomic.go:41.32,43.2 1 2
github.com/lyft/flytestdlib/atomic/atomic.go:46.36,48.2 1 2
github.com/lyft/flytestdlib/atomic/atomic.go:51.30,53.2 1 1
github.com/lyft/flytestdlib/atomic/atomic.go:60.32,62.2 1 5
github.com/lyft/flytestdlib/atomic/atomic.go:65.55,67.2 1 4
github.com/lyft/flytestdlib/atomic/atomic.go:70.43,72.2 1 0
github.com/lyft/flytestdlib/atomic/atomic.go:75.31,77.2 1 0
github.com/lyft/flytestdlib/atomic/atomic.go:80.34,82.2 1 1
github.com/lyft/flytestdlib/atomic/atomic.go:84.33,86.2 1 1
github.com/lyft/flytestdlib/atomic/atomic.go:93.30,95.2 1 5
github.com/lyft/flytestdlib/atomic/atomic.go:98.53,100.2 1 4
github.com/lyft/flytestdlib/atomic/atomic.go:103.40,105.2 1 0
github.com/lyft/flytestdlib/atomic/atomic.go:108.40,110.2 1 0
github.com/lyft/flytestdlib/atomic/atomic.go:113.29,115.2 1 0
github.com/lyft/flytestdlib/atomic/atomic.go:118.29,120.2 1 0
github.com/lyft/flytestdlib/atomic/atomic.go:123.32,125.2 1 1
github.com/lyft/flytestdlib/atomic/atomic.go:127.30,129.2 1 1
github.com/lyft/flytestdlib/atomic/non_blocking_lock.go:9.43,11.2 1 1
github.com/lyft/flytestdlib/atomic/non_blocking_lock.go:17.42,19.2 1 3
github.com/lyft/flytestdlib/atomic/non_blocking_lock.go:21.37,23.2 1 1
github.com/lyft/flytestdlib/config/utils.go:12.52,14.16 2 4
github.com/lyft/flytestdlib/config/utils.go:18.2,21.51 4 4
github.com/lyft/flytestdlib/config/utils.go:25.2,25.41 1 4
github.com/lyft/flytestdlib/config/utils.go:14.16,16.3 1 0
github.com/lyft/flytestdlib/config/utils.go:21.51,23.3 1 0
github.com/lyft/flytestdlib/config/utils.go:28.46,30.2 1 0
github.com/lyft/flytestdlib/config/utils.go:32.54,34.16 2 0
github.com/lyft/flytestdlib/config/utils.go:38.2,40.15 3 0
github.com/lyft/flytestdlib/config/utils.go:34.16,36.3 1 0
github.com/lyft/flytestdlib/config/utils.go:44.74,47.29 3 0
github.com/lyft/flytestdlib/config/utils.go:58.2,58.45 1 0
github.com/lyft/flytestdlib/config/utils.go:68.2,68.42 1 0
github.com/lyft/flytestdlib/config/utils.go:47.29,49.24 2 0
github.com/lyft/flytestdlib/config/utils.go:49.24,50.72 1 0
github.com/lyft/flytestdlib/config/utils.go:50.72,52.5 1 0
github.com/lyft/flytestdlib/config/utils.go:52.10,54.5 1 0
github.com/lyft/flytestdlib/config/utils.go:58.45,59.55 1 0
github.com/lyft/flytestdlib/config/utils.go:64.3,65.19 2 0
github.com/lyft/flytestdlib/config/utils.go:59.55,62.4 1 0
github.com/lyft/flytestdlib/config/config_cmd.go:26.73,37.55 3 1
github.com/lyft/flytestdlib/config/config_cmd.go:42.2,45.55 1 1
github.com/lyft/flytestdlib/config/config_cmd.go:51.2,61.16 5 1
github.com/lyft/flytestdlib/config/config_cmd.go:37.55,39.4 1 1
github.com/lyft/flytestdlib/config/config_cmd.go:45.55,47.4 1 1
github.com/lyft/flytestdlib/config/config_cmd.go:65.43,69.16 4 2
github.com/lyft/flytestdlib/config/config_cmd.go:73.2,75.8 2 2
github.com/lyft/flytestdlib/config/config_cmd.go:69.16,70.13 1 0
github.com/lyft/flytestdlib/config/config_cmd.go:78.51,81.15 2 2
github.com/lyft/flytestdlib/config/config_cmd.go:87.2,87.15 1 2
github.com/lyft/flytestdlib/config/config_cmd.go:89.2,92.16 3 2
github.com/lyft/flytestdlib/config/config_cmd.go:100.2,100.12 1 2
github.com/lyft/flytestdlib/config/config_cmd.go:81.15,83.17 2 2
github.com/lyft/flytestdlib/config/config_cmd.go:83.17,84.14 1 0
github.com/lyft/flytestdlib/config/config_cmd.go:87.15,87.34 1 2
github.com/lyft/flytestdlib/config/config_cmd.go:92.16,95.3 2 2
github.com/lyft/flytestdlib/config/config_cmd.go:95.8,98.3 2 0
github.com/lyft/flytestdlib/config/config_cmd.go:103.39,105.23 2 2
github.com/lyft/flytestdlib/config/config_cmd.go:105.23,109.3 2 2
github.com/lyft/flytestdlib/config/config_cmd.go:109.8,112.3 2 0
github.com/lyft/flytestdlib/config/duration.go:14.49,16.2 1 1
github.com/lyft/flytestdlib/config/duration.go:18.50,19.17 1 6
github.com/lyft/flytestdlib/config/duration.go:24.2,25.46 2 5
github.com/lyft/flytestdlib/config/duration.go:28.2,28.27 1 5
github.com/lyft/flytestdlib/config/duration.go:46.2,46.12 1 2
github.com/lyft/flytestdlib/config/duration.go:19.17,22.3 2 1
github.com/lyft/flytestdlib/config/duration.go:25.46,27.3 1 0
github.com/lyft/flytestdlib/config/duration.go:29.15,31.13 2 1
github.com/lyft/flytestdlib/config/duration.go:32.14,33.22 1 3
github.com/lyft/flytestdlib/config/duration.go:42.10,43.40 1 1
github.com/lyft/flytestdlib/config/duration.go:33.22,35.4 1 0
github.com/lyft/flytestdlib/config/duration.go:35.9,38.18 3 3
github.com/lyft/flytestdlib/config/duration.go:38.18,40.5 1 1
github.com/lyft/flytestdlib/config/errors.go:13.41,15.24 2 1
github.com/lyft/flytestdlib/config/errors.go:19.2,19.12 1 1
github.com/lyft/flytestdlib/config/errors.go:15.24,17.3 1 1
github.com/lyft/flytestdlib/config/errors.go:22.49,23.17 1 5
github.com/lyft/flytestdlib/config/errors.go:27.2,27.10 1 4
github.com/lyft/flytestdlib/config/errors.go:23.17,25.3 1 1
github.com/lyft/flytestdlib/config/errors.go:30.50,31.16 1 4
github.com/lyft/flytestdlib/config/errors.go:36.2,36.14 1 2
github.com/lyft/flytestdlib/config/errors.go:31.16,34.3 2 2
github.com/lyft/flytestdlib/config/port.go:15.31,17.2 1 0
github.com/lyft/flytestdlib/config/port.go:19.45,21.2 1 1
github.com/lyft/flytestdlib/config/port.go:23.46,25.46 2 7
github.com/lyft/flytestdlib/config/port.go:29.2,29.27 1 6
github.com/lyft/flytestdlib/config/port.go:25.46,27.3 1 1
github.com/lyft/flytestdlib/config/port.go:30.14,32.17 2 1
github.com/lyft/flytestdlib/config/port.go:36.3,37.13 2 1
github.com/lyft/flytestdlib/config/port.go:38.15,39.29 1 5
github.com/lyft/flytestdlib/config/port.go:43.3,44.13 2 4
github.com/lyft/flytestdlib/config/port.go:45.10,46.36 1 0
github.com/lyft/flytestdlib/config/port.go:32.17,34.4 1 0
github.com/lyft/flytestdlib/config/port.go:39.29,41.4 1 1
github.com/lyft/flytestdlib/config/port.go:50.48,51.88 1 1
github.com/lyft/flytestdlib/config/port.go:55.2,55.84 1 0
github.com/lyft/flytestdlib/config/port.go:51.88,53.3 1 1
github.com/lyft/flytestdlib/config/port.go:58.40,60.2 1 6
github.com/lyft/flytestdlib/config/section.go:83.31,85.2 1 0
github.com/lyft/flytestdlib/config/section.go:87.72,89.16 2 0
github.com/lyft/flytestdlib/config/section.go:93.2,93.10 1 0
github.com/lyft/flytestdlib/config/section.go:89.16,90.13 1 0
github.com/lyft/flytestdlib/config/section.go:96.85,98.16 2 0
github.com/lyft/flytestdlib/config/section.go:102.2,102.10 1 0
github.com/lyft/flytestdlib/config/section.go:98.16,99.13 1 0
github.com/lyft/flytestdlib/config/section.go:108.77,110.2 1 4
github.com/lyft/flytestdlib/config/section.go:112.90,114.2 1 6
github.com/lyft/flytestdlib/config/section.go:116.109,118.16 2 0
github.com/lyft/flytestdlib/config/section.go:122.2,122.10 1 0
github.com/lyft/flytestdlib/config/section.go:118.16,119.13 1 0
github.com/lyft/flytestdlib/config/section.go:125.122,127.16 2 0
github.com/lyft/flytestdlib/config/section.go:131.2,131.10 1 0
github.com/lyft/flytestdlib/config/section.go:127.16,128.13 1 0
github.com/lyft/flytestdlib/config/section.go:138.114,140.2 1 0
github.com/lyft/flytestdlib/config/section.go:142.127,148.19 4 6
github.com/lyft/flytestdlib/config/section.go:152.2,152.26 1 6
github.com/lyft/flytestdlib/config/section.go:156.2,156.57 1 6
github.com/lyft/flytestdlib/config/section.go:160.2,160.56 1 6
github.com/lyft/flytestdlib/config/section.go:164.2,166.21 3 4
github.com/lyft/flytestdlib/config/section.go:148.19,150.3 1 0
github.com/lyft/flytestdlib/config/section.go:152.26,154.3 1 0
github.com/lyft/flytestdlib/config/section.go:156.57,158.3 1 0
github.com/lyft/flytestdlib/config/section.go:160.56,162.3 1 2
github.com/lyft/flytestdlib/config/section.go:170.41,172.2 1 1
github.com/lyft/flytestdlib/config/section.go:174.54,180.62 4 1
github.com/lyft/flytestdlib/config/section.go:184.2,184.12 1 0
github.com/lyft/flytestdlib/config/section.go:180.62,182.3 1 1
github.com/lyft/flytestdlib/config/section.go:187.44,189.2 1 0
github.com/lyft/flytestdlib/config/section.go:191.38,196.2 3 2
github.com/lyft/flytestdlib/config/section.go:198.45,202.29 3 0
github.com/lyft/flytestdlib/config/section.go:207.2,207.12 1 0
github.com/lyft/flytestdlib/config/section.go:202.29,205.3 2 0
github.com/lyft/flytestdlib/config/section.go:210.60,212.2 1 0
github.com/lyft/flytestdlib/config/section.go:214.51,216.2 1 0
github.com/lyft/flytestdlib/config/section.go:218.73,226.2 1 6
github.com/lyft/flytestdlib/config/section.go:228.31,230.2 1 2
github.com/lyft/flytestdlib/config/url.go:14.44,16.2 1 3
github.com/lyft/flytestdlib/config/url.go:18.45,20.46 2 11
github.com/lyft/flytestdlib/config/url.go:24.2,24.27 1 10
github.com/lyft/flytestdlib/config/url.go:20.46,22.3 1 1
github.com/lyft/flytestdlib/config/url.go:25.14,27.17 2 6
github.com/lyft/flytestdlib/config/url.go:31.3,32.13 2 4
github.com/lyft/flytestdlib/config/url.go:33.10,34.35 1 4
github.com/lyft/flytestdlib/config/url.go:27.17,29.4 1 2
github.com/lyft/flytestdlib/internal/utils/parsers.go:8.45,10.16 2 2
github.com/lyft/flytestdlib/internal/utils/parsers.go:14.2,14.11 1 1
github.com/lyft/flytestdlib/internal/utils/parsers.go:10.16,11.13 1 1
github.com/lyft/flytestdlib/internal/utils/parsers.go:18.27,20.2 1 1
github.com/lyft/flytestdlib/contextutils/context.go:25.30,27.2 1 8
github.com/lyft/flytestdlib/contextutils/context.go:41.75,43.2 1 3
github.com/lyft/flytestdlib/contextutils/context.go:47.67,49.26 2 3
github.com/lyft/flytestdlib/contextutils/context.go:53.2,53.48 1 3
github.com/lyft/flytestdlib/contextutils/context.go:49.26,51.3 1 1
github.com/lyft/flytestdlib/contextutils/context.go:57.71,59.2 1 2
github.com/lyft/flytestdlib/contextutils/context.go:62.67,64.2 1 2
github.com/lyft/flytestdlib/contextutils/context.go:67.74,69.2 1 1
github.com/lyft/flytestdlib/contextutils/context.go:72.69,74.27 2 2
github.com/lyft/flytestdlib/contextutils/context.go:77.2,77.50 1 2
github.com/lyft/flytestdlib/contextutils/context.go:74.27,76.3 1 1
github.com/lyft/flytestdlib/contextutils/context.go:81.75,83.2 1 2
github.com/lyft/flytestdlib/contextutils/context.go:86.85,89.2 2 1
github.com/lyft/flytestdlib/contextutils/context.go:92.69,94.2 1 1
github.com/lyft/flytestdlib/contextutils/context.go:97.73,99.2 1 1
github.com/lyft/flytestdlib/contextutils/context.go:101.84,103.16 2 8
github.com/lyft/flytestdlib/contextutils/context.go:103.16,105.3 1 2
github.com/lyft/flytestdlib/contextutils/context.go:108.89,110.16 2 2
github.com/lyft/flytestdlib/contextutils/context.go:113.2,113.37 1 2
github.com/lyft/flytestdlib/contextutils/context.go:110.16,112.3 1 1
github.com/lyft/flytestdlib/contextutils/context.go:118.63,120.28 2 1
github.com/lyft/flytestdlib/contextutils/context.go:123.2,123.12 1 1
github.com/lyft/flytestdlib/contextutils/context.go:120.28,122.3 1 8
github.com/lyft/flytestdlib/contextutils/context.go:126.49,128.16 2 0
github.com/lyft/flytestdlib/contextutils/context.go:131.2,131.11 1 0
github.com/lyft/flytestdlib/contextutils/context.go:128.16,130.3 1 0
github.com/lyft/flytestdlib/contextutils/context.go:134.65,136.25 2 1
github.com/lyft/flytestdlib/contextutils/context.go:139.2,139.12 1 1
github.com/lyft/flytestdlib/contextutils/context.go:136.25,138.3 1 2
github.com/lyft/flytestdlib/ioutils/bytes.go:13.39,15.2 1 1
github.com/lyft/flytestdlib/ioutils/bytes.go:17.49,21.2 1 1
github.com/lyft/flytestdlib/ioutils/timed_readers.go:14.52,17.2 2 1
github.com/lyft/flytestdlib/logger/config.go:53.28,57.2 2 1
github.com/lyft/flytestdlib/logger/config.go:82.13,83.123 1 1
github.com/lyft/flytestdlib/logger/config.go:83.123,85.3 1 0
github.com/lyft/flytestdlib/logger/config_flags.go:15.57,16.53 1 0
github.com/lyft/flytestdlib/logger/config_flags.go:26.2,26.10 1 0
github.com/lyft/flytestdlib/logger/config_flags.go:16.53,17.33 1 0
github.com/lyft/flytestdlib/logger/config_flags.go:17.33,19.4 1 0
github.com/lyft/flytestdlib/logger/config_flags.go:19.9,21.4 1 0
github.com/lyft/flytestdlib/logger/config_flags.go:22.8,22.21 1 0
github.com/lyft/flytestdlib/logger/config_flags.go:22.21,24.3 1 0
github.com/lyft/flytestdlib/logger/config_flags.go:31.61,38.2 6 2
github.com/lyft/flytestdlib/logger/logger.go:22.34,25.28 2 1
github.com/lyft/flytestdlib/logger/logger.go:26.21,27.86 1 0
github.com/lyft/flytestdlib/logger/logger.go:34.10,35.86 1 1
github.com/lyft/flytestdlib/logger/logger.go:27.86,33.4 1 0
github.com/lyft/flytestdlib/logger/logger.go:35.86,42.4 1 1
github.com/lyft/flytestdlib/logger/logger.go:46.33,47.36 1 24
github.com/lyft/flytestdlib/logger/logger.go:62.2,62.11 1 0
github.com/lyft/flytestdlib/logger/logger.go:47.36,49.10 2 24
github.com/lyft/flytestdlib/logger/logger.go:59.3,59.45 1 24
github.com/lyft/flytestdlib/logger/logger.go:49.10,52.4 2 0
github.com/lyft/flytestdlib/logger/logger.go:52.9,54.18 2 24
github.com/lyft/flytestdlib/logger/logger.go:54.18,56.5 1 24
github.com/lyft/flytestdlib/logger/logger.go:65.73,68.36 2 14
github.com/lyft/flytestdlib/logger/logger.go:76.2,76.13 1 0
github.com/lyft/flytestdlib/logger/logger.go:68.36,74.3 1 14
github.com/lyft/flytestdlib/logger/logger.go:79.71,82.36 2 9
github.com/lyft/flytestdlib/logger/logger.go:86.2,86.16 1 0
github.com/lyft/flytestdlib/logger/logger.go:82.36,84.3 1 9
github.com/lyft/flytestdlib/logger/logger.go:89.51,93.2 3 24
github.com/lyft/flytestdlib/logger/logger.go:95.79,98.2 2 0
github.com/lyft/flytestdlib/logger/logger.go:100.44,101.60 1 23
github.com/lyft/flytestdlib/logger/logger.go:105.2,105.11 1 23
github.com/lyft/flytestdlib/logger/logger.go:101.60,103.3 1 0
github.com/lyft/flytestdlib/logger/logger.go:110.56,112.2 1 2
github.com/lyft/flytestdlib/logger/logger.go:115.54,116.23 1 1
github.com/lyft/flytestdlib/logger/logger.go:120.2,120.48 1 1
github.com/lyft/flytestdlib/logger/logger.go:116.23,118.3 1 0
github.com/lyft/flytestdlib/logger/logger.go:124.54,125.23 1 1
github.com/lyft/flytestdlib/logger/logger.go:129.2,129.48 1 1
github.com/lyft/flytestdlib/logger/logger.go:125.23,127.3 1 0
github.com/lyft/flytestdlib/logger/logger.go:133.53,134.23 1 1
github.com/lyft/flytestdlib/logger/logger.go:138.2,138.47 1 1
github.com/lyft/flytestdlib/logger/logger.go:134.23,136.3 1 0
github.com/lyft/flytestdlib/logger/logger.go:142.53,143.23 1 1
github.com/lyft/flytestdlib/logger/logger.go:147.2,147.47 1 1
github.com/lyft/flytestdlib/logger/logger.go:143.23,145.3 1 0
github.com/lyft/flytestdlib/logger/logger.go:151.56,152.23 1 1
github.com/lyft/flytestdlib/logger/logger.go:156.2,156.50 1 1
github.com/lyft/flytestdlib/logger/logger.go:152.23,154.3 1 0
github.com/lyft/flytestdlib/logger/logger.go:160.54,161.23 1 1
github.com/lyft/flytestdlib/logger/logger.go:165.2,165.48 1 1
github.com/lyft/flytestdlib/logger/logger.go:161.23,163.3 1 0
github.com/lyft/flytestdlib/logger/logger.go:169.54,170.23 1 1
github.com/lyft/flytestdlib/logger/logger.go:174.2,174.48 1 1
github.com/lyft/flytestdlib/logger/logger.go:170.23,172.3 1 0
github.com/lyft/flytestdlib/logger/logger.go:178.54,179.23 1 0
github.com/lyft/flytestdlib/logger/logger.go:183.2,183.48 1 0
github.com/lyft/flytestdlib/logger/logger.go:179.23,181.3 1 0
github.com/lyft/flytestdlib/logger/logger.go:187.70,188.23 1 1
github.com/lyft/flytestdlib/logger/logger.go:192.2,192.67 1 1
github.com/lyft/flytestdlib/logger/logger.go:188.23,190.3 1 0
github.com/lyft/flytestdlib/logger/logger.go:196.70,197.23 1 1
github.com/lyft/flytestdlib/logger/logger.go:201.2,201.67 1 1
github.com/lyft/flytestdlib/logger/logger.go:197.23,199.3 1 0
github.com/lyft/flytestdlib/logger/logger.go:205.69,206.23 1 1
github.com/lyft/flytestdlib/logger/logger.go:210.2,210.66 1 1
github.com/lyft/flytestdlib/logger/logger.go:206.23,208.3 1 0
github.com/lyft/flytestdlib/logger/logger.go:214.53,215.23 1 1
github.com/lyft/flytestdlib/logger/logger.go:219.2,219.50 1 1
github.com/lyft/flytestdlib/logger/logger.go:215.23,217.3 1 0
github.com/lyft/flytestdlib/logger/logger.go:223.69,224.23 1 1
github.com/lyft/flytestdlib/logger/logger.go:228.2,228.66 1 1
github.com/lyft/flytestdlib/logger/logger.go:224.23,226.3 1 0
github.com/lyft/flytestdlib/logger/logger.go:232.72,233.23 1 1
github.com/lyft/flytestdlib/logger/logger.go:237.2,237.69 1 1
github.com/lyft/flytestdlib/logger/logger.go:233.23,235.3 1 0
github.com/lyft/flytestdlib/logger/logger.go:241.70,242.23 1 1
github.com/lyft/flytestdlib/logger/logger.go:246.2,246.67 1 1
github.com/lyft/flytestdlib/logger/logger.go:242.23,244.3 1 0
github.com/lyft/flytestdlib/logger/logger.go:250.70,251.23 1 1
github.com/lyft/flytestdlib/logger/logger.go:255.2,255.67 1 1
github.com/lyft/flytestdlib/logger/logger.go:251.23,253.3 1 0
github.com/lyft/flytestdlib/logger/logger.go:259.70,260.23 1 0
github.com/lyft/flytestdlib/logger/logger.go:264.2,264.67 1 0
github.com/lyft/flytestdlib/logger/logger.go:260.23,262.3 1 0
github.com/lyft/flytestdlib/logger/logger.go:268.56,269.23 1 1
github.com/lyft/flytestdlib/logger/logger.go:273.2,273.50 1 1
github.com/lyft/flytestdlib/logger/logger.go:269.23,271.3 1 0
github.com/lyft/flytestdlib/logger/logger.go:277.56,278.23 1 1
github.com/lyft/flytestdlib/logger/logger.go:282.2,282.50 1 1
github.com/lyft/flytestdlib/logger/logger.go:278.23,280.3 1 0
github.com/lyft/flytestdlib/logger/logger.go:286.55,287.23 1 1
github.com/lyft/flytestdlib/logger/logger.go:291.2,291.49 1 1
github.com/lyft/flytestdlib/logger/logger.go:287.23,289.3 1 0
github.com/lyft/flytestdlib/logger/logger.go:295.55,296.23 1 1
github.com/lyft/flytestdlib/logger/logger.go:300.2,300.49 1 1
github.com/lyft/flytestdlib/logger/logger.go:296.23,298.3 1 0
github.com/lyft/flytestdlib/logger/logger.go:304.58,305.23 1 1
github.com/lyft/flytestdlib/logger/logger.go:309.2,309.52 1 1
github.com/lyft/flytestdlib/logger/logger.go:305.23,307.3 1 0
github.com/lyft/flytestdlib/logger/logger.go:313.56,314.23 1 1
github.com/lyft/flytestdlib/logger/logger.go:318.2,318.50 1 1
github.com/lyft/flytestdlib/logger/logger.go:314.23,316.3 1 0
github.com/lyft/flytestdlib/logger/logger.go:322.56,323.23 1 1
github.com/lyft/flytestdlib/logger/logger.go:327.2,327.50 1 1
github.com/lyft/flytestdlib/logger/logger.go:323.23,325.3 1 0
github.com/lyft/flytestdlib/logger/logger.go:331.56,332.23 1 0
github.com/lyft/flytestdlib/logger/logger.go:336.2,336.50 1 0
github.com/lyft/flytestdlib/logger/logger.go:332.23,334.3 1 0
github.com/lyft/flytestdlib/sets/generic_set.go:14.45,18.2 3 24
github.com/lyft/flytestdlib/sets/generic_set.go:21.45,22.29 1 36
github.com/lyft/flytestdlib/sets/generic_set.go:22.29,24.3 1 57
github.com/lyft/flytestdlib/sets/generic_set.go:28.45,29.29 1 4
github.com/lyft/flytestdlib/sets/generic_set.go:29.29,31.3 1 4
github.com/lyft/flytestdlib/sets/generic_set.go:35.43,38.2 2 40
github.com/lyft/flytestdlib/sets/generic_set.go:41.50,42.29 1 2
github.com/lyft/flytestdlib/sets/generic_set.go:47.2,47.13 1 1
github.com/lyft/flytestdlib/sets/generic_set.go:42.29,43.19 1 5
github.com/lyft/flytestdlib/sets/generic_set.go:43.19,45.4 1 1
github.com/lyft/flytestdlib/sets/generic_set.go:51.50,52.29 1 2
github.com/lyft/flytestdlib/sets/generic_set.go:57.2,57.14 1 1
github.com/lyft/flytestdlib/sets/generic_set.go:52.29,53.18 1 3
github.com/lyft/flytestdlib/sets/generic_set.go:53.18,55.4 1 1
github.com/lyft/flytestdlib/sets/generic_set.go:66.49,68.22 2 2
github.com/lyft/flytestdlib/sets/generic_set.go:73.2,73.15 1 2
github.com/lyft/flytestdlib/sets/generic_set.go:68.22,69.17 1 5
github.com/lyft/flytestdlib/sets/generic_set.go:69.17,71.4 1 1
github.com/lyft/flytestdlib/sets/generic_set.go:82.44,84.22 2 1
github.com/lyft/flytestdlib/sets/generic_set.go:87.2,87.23 1 1
github.com/lyft/flytestdlib/sets/generic_set.go:90.2,90.15 1 1
github.com/lyft/flytestdlib/sets/generic_set.go:84.22,86.3 1 2
github.com/lyft/flytestdlib/sets/generic_set.go:87.23,89.3 1 3
github.com/lyft/flytestdlib/sets/generic_set.go:98.51,101.24 3 2
github.com/lyft/flytestdlib/sets/generic_set.go:108.2,108.25 1 2
github.com/lyft/flytestdlib/sets/generic_set.go:113.2,113.15 1 2
github.com/lyft/flytestdlib/sets/generic_set.go:101.24,104.3 2 1
github.com/lyft/flytestdlib/sets/generic_set.go:104.8,107.3 2 1
github.com/lyft/flytestdlib/sets/generic_set.go:108.25,109.19 1 4
github.com/lyft/flytestdlib/sets/generic_set.go:109.19,111.4 1 4
github.com/lyft/flytestdlib/sets/generic_set.go:117.46,118.23 1 8
github.com/lyft/flytestdlib/sets/generic_set.go:123.2,123.13 1 7
github.com/lyft/flytestdlib/sets/generic_set.go:118.23,119.16 1 19
github.com/lyft/flytestdlib/sets/generic_set.go:119.16,121.4 1 1
github.com/lyft/flytestdlib/sets/generic_set.go:129.41,131.2 1 7
github.com/lyft/flytestdlib/sets/generic_set.go:135.53,135.70 1 8
github.com/lyft/flytestdlib/sets/generic_set.go:136.53,136.86 1 8
github.com/lyft/flytestdlib/sets/generic_set.go:137.53,137.80 1 5
github.com/lyft/flytestdlib/sets/generic_set.go:140.38,142.21 2 8
github.com/lyft/flytestdlib/sets/generic_set.go:145.2,146.22 2 8
github.com/lyft/flytestdlib/sets/generic_set.go:142.21,144.3 1 14
github.com/lyft/flytestdlib/sets/generic_set.go:150.37,153.25 3 1
github.com/lyft/flytestdlib/sets/generic_set.go:157.2,157.12 1 1
github.com/lyft/flytestdlib/sets/generic_set.go:153.25,156.3 2 2
github.com/lyft/flytestdlib/sets/generic_set.go:161.46,163.21 2 0
github.com/lyft/flytestdlib/sets/generic_set.go:166.2,166.12 1 0
github.com/lyft/flytestdlib/sets/generic_set.go:163.21,165.3 1 0
github.com/lyft/flytestdlib/sets/generic_set.go:170.45,172.22 2 1
github.com/lyft/flytestdlib/sets/generic_set.go:175.2,175.12 1 1
github.com/lyft/flytestdlib/sets/generic_set.go:172.22,174.3 1 2
github.com/lyft/flytestdlib/sets/generic_set.go:179.45,180.22 1 3
github.com/lyft/flytestdlib/sets/generic_set.go:184.2,185.25 2 1
github.com/lyft/flytestdlib/sets/generic_set.go:180.22,183.3 2 2
github.com/lyft/flytestdlib/sets/generic_set.go:189.28,191.2 1 7
github.com/lyft/flytestdlib/sets/generic_set.go:193.39,195.2 1 8
github.com/lyft/flytestdlib/pbhash/pbhash.go:16.49,18.30 2 8
github.com/lyft/flytestdlib/pbhash/pbhash.go:21.2,21.15 1 8
github.com/lyft/flytestdlib/pbhash/pbhash.go:18.30,20.3 1 256
github.com/lyft/flytestdlib/pbhash/pbhash.go:25.73,34.16 2 8
github.com/lyft/flytestdlib/pbhash/pbhash.go:41.2,42.16 2 8
github.com/lyft/flytestdlib/pbhash/pbhash.go:47.2,47.39 1 8
github.com/lyft/flytestdlib/pbhash/pbhash.go:34.16,37.3 2 0
github.com/lyft/flytestdlib/pbhash/pbhash.go:42.16,45.3 2 0
github.com/lyft/flytestdlib/pbhash/pbhash.go:51.79,53.16 2 4
github.com/lyft/flytestdlib/pbhash/pbhash.go:57.2,57.58 1 4
github.com/lyft/flytestdlib/pbhash/pbhash.go:53.16,55.3 1 0
github.com/lyft/flytestdlib/promutils/scope.go:15.30,16.16 1 18
github.com/lyft/flytestdlib/promutils/scope.go:16.16,17.61 1 9
github.com/lyft/flytestdlib/promutils/scope.go:36.34,42.2 1 3
github.com/lyft/flytestdlib/promutils/scope.go:45.50,48.30 3 1
github.com/lyft/flytestdlib/promutils/scope.go:52.2,53.28 2 1
github.com/lyft/flytestdlib/promutils/scope.go:48.30,51.3 2 0
github.com/lyft/flytestdlib/promutils/scope.go:57.35,61.2 3 1
github.com/lyft/flytestdlib/promutils/scope.go:72.67,77.2 1 1
github.com/lyft/flytestdlib/promutils/scope.go:79.82,81.16 2 0
github.com/lyft/flytestdlib/promutils/scope.go:84.2,87.8 1 0
github.com/lyft/flytestdlib/promutils/scope.go:81.16,83.3 1 0
github.com/lyft/flytestdlib/promutils/scope.go:99.31,102.30 3 3
github.com/lyft/flytestdlib/promutils/scope.go:106.2,108.15 3 3
github.com/lyft/flytestdlib/promutils/scope.go:102.30,105.3 2 0
github.com/lyft/flytestdlib/promutils/scope.go:189.84,197.2 2 2
github.com/lyft/flytestdlib/promutils/scope.go:199.79,203.2 3 2
github.com/lyft/flytestdlib/promutils/scope.go:205.113,214.2 2 2
github.com/lyft/flytestdlib/promutils/scope.go:216.108,220.2 3 2
github.com/lyft/flytestdlib/promutils/scope.go:222.88,231.2 2 7
github.com/lyft/flytestdlib/promutils/scope.go:233.83,237.2 3 2
github.com/lyft/flytestdlib/promutils/scope.go:239.117,249.2 2 3
github.com/lyft/flytestdlib/promutils/scope.go:250.112,254.2 3 2
github.com/lyft/flytestdlib/promutils/scope.go:256.92,264.2 2 2
github.com/lyft/flytestdlib/promutils/scope.go:266.87,270.2 3 2
github.com/lyft/flytestdlib/promutils/scope.go:272.121,281.2 2 2
github.com/lyft/flytestdlib/promutils/scope.go:283.116,287.2 3 2
github.com/lyft/flytestdlib/promutils/scope.go:289.88,297.2 2 2
github.com/lyft/flytestdlib/promutils/scope.go:299.83,303.2 3 2
github.com/lyft/flytestdlib/promutils/scope.go:305.117,314.2 2 2
github.com/lyft/flytestdlib/promutils/scope.go:316.112,320.2 3 2
github.com/lyft/flytestdlib/promutils/scope.go:322.102,323.57 1 5
github.com/lyft/flytestdlib/promutils/scope.go:326.2,328.16 3 5
github.com/lyft/flytestdlib/promutils/scope.go:332.2,335.8 1 4
github.com/lyft/flytestdlib/promutils/scope.go:323.57,325.3 1 5
github.com/lyft/flytestdlib/promutils/scope.go:328.16,330.3 1 1
github.com/lyft/flytestdlib/promutils/scope.go:338.97,342.2 3 2
github.com/lyft/flytestdlib/promutils/scope.go:344.131,345.57 1 1
github.com/lyft/flytestdlib/promutils/scope.go:348.2,350.16 3 1
github.com/lyft/flytestdlib/promutils/scope.go:354.2,357.8 1 1
github.com/lyft/flytestdlib/promutils/scope.go:345.57,347.3 1 1
github.com/lyft/flytestdlib/promutils/scope.go:350.16,352.3 1 0
github.com/lyft/flytestdlib/promutils/scope.go:360.126,364.2 3 0
github.com/lyft/flytestdlib/promutils/scope.go:366.45,368.2 1 4
github.com/lyft/flytestdlib/promutils/scope.go:371.63,372.16 1 23
github.com/lyft/flytestdlib/promutils/scope.go:376.2,376.23 1 23
github.com/lyft/flytestdlib/promutils/scope.go:372.16,373.49 1 0
github.com/lyft/flytestdlib/promutils/scope.go:379.62,380.24 1 6
github.com/lyft/flytestdlib/promutils/scope.go:385.2,385.64 1 5
github.com/lyft/flytestdlib/promutils/scope.go:390.2,390.41 1 5
github.com/lyft/flytestdlib/promutils/scope.go:380.24,381.48 1 1
github.com/lyft/flytestdlib/promutils/scope.go:385.64,387.3 1 4
github.com/lyft/flytestdlib/promutils/scope.go:395.34,396.16 1 12
github.com/lyft/flytestdlib/promutils/scope.go:401.2,401.56 1 11
github.com/lyft/flytestdlib/promutils/scope.go:405.2,407.3 1 11
github.com/lyft/flytestdlib/promutils/scope.go:396.16,397.61 1 1
github.com/lyft/flytestdlib/promutils/scope.go:401.56,403.3 1 6
github.com/lyft/flytestdlib/promutils/scope.go:412.27,414.2 1 4
github.com/lyft/flytestdlib/promutils/scope.go:417.54,418.27 1 17
github.com/lyft/flytestdlib/promutils/scope.go:421.2,421.29 1 15
github.com/lyft/flytestdlib/promutils/scope.go:424.2,424.29 1 13
github.com/lyft/flytestdlib/promutils/scope.go:427.2,427.34 1 9
github.com/lyft/flytestdlib/promutils/scope.go:430.2,430.34 1 3
github.com/lyft/flytestdlib/promutils/scope.go:433.2,433.13 1 1
github.com/lyft/flytestdlib/promutils/scope.go:418.27,420.3 1 2
github.com/lyft/flytestdlib/promutils/scope.go:421.29,423.3 1 2
github.com/lyft/flytestdlib/promutils/scope.go:424.29,426.3 1 4
github.com/lyft/flytestdlib/promutils/scope.go:427.34,429.3 1 6
github.com/lyft/flytestdlib/promutils/scope.go:430.34,432.3 1 2
github.com/lyft/flytestdlib/promutils/workqueue.go:28.13,30.2 1 1
github.com/lyft/flytestdlib/promutils/workqueue.go:34.84,42.2 3 1
github.com/lyft/flytestdlib/promutils/workqueue.go:44.85,52.2 3 1
github.com/lyft/flytestdlib/promutils/workqueue.go:54.88,62.2 3 1
github.com/lyft/flytestdlib/promutils/workqueue.go:64.93,72.2 3 1
github.com/lyft/flytestdlib/promutils/workqueue.go:74.88,82.2 3 1
github.com/lyft/flytestdlib/profutils/server.go:36.81,40.2 3 5
github.com/lyft/flytestdlib/profutils/server.go:43.84,47.16 4 3
github.com/lyft/flytestdlib/profutils/server.go:50.2,50.60 1 3
github.com/lyft/flytestdlib/profutils/server.go:47.16,49.3 1 0
github.com/lyft/flytestdlib/profutils/server.go:55.66,57.16 2 1
github.com/lyft/flytestdlib/profutils/server.go:57.16,58.13 1 0
github.com/lyft/flytestdlib/profutils/server.go:63.63,65.16 2 1
github.com/lyft/flytestdlib/profutils/server.go:65.16,66.13 1 0
github.com/lyft/flytestdlib/profutils/server.go:71.62,73.16 2 1
github.com/lyft/flytestdlib/profutils/server.go:81.2,81.63 1 1
github.com/lyft/flytestdlib/profutils/server.go:73.16,75.17 2 0
github.com/lyft/flytestdlib/profutils/server.go:75.17,77.14 2 0
github.com/lyft/flytestdlib/profutils/server.go:81.63,82.13 1 0
github.com/lyft/flytestdlib/profutils/server.go:87.69,90.14 3 0
github.com/lyft/flytestdlib/profutils/server.go:95.2,95.12 1 0
github.com/lyft/flytestdlib/profutils/server.go:90.14,93.3 2 0
github.com/lyft/flytestdlib/profutils/server.go:98.73,99.21 1 1
github.com/lyft/flytestdlib/profutils/server.go:102.2,107.29 5 1
github.com/lyft/flytestdlib/profutils/server.go:111.2,111.12 1 1
github.com/lyft/flytestdlib/profutils/server.go:99.21,101.3 1 1
github.com/lyft/flytestdlib/profutils/server.go:107.29,109.3 1 4
github.com/lyft/flytestdlib/profutils/server.go:120.122,121.61 1 0
github.com/lyft/flytestdlib/profutils/server.go:125.2,125.45 1 0
github.com/lyft/flytestdlib/profutils/server.go:121.61,123.3 1 0
github.com/lyft/flytestdlib/promutils/labeled/timer_wrapper.go:13.31,15.33 2 1
github.com/lyft/flytestdlib/promutils/labeled/timer_wrapper.go:19.2,19.12 1 1
github.com/lyft/flytestdlib/promutils/labeled/timer_wrapper.go:15.33,17.3 1 3
github.com/lyft/flytestdlib/promutils/labeled/counter.go:21.43,23.16 2 3
github.com/lyft/flytestdlib/promutils/labeled/counter.go:26.2,28.22 2 3
github.com/lyft/flytestdlib/promutils/labeled/counter.go:23.16,24.21 1 0
github.com/lyft/flytestdlib/promutils/labeled/counter.go:28.22,30.3 1 0
github.com/lyft/flytestdlib/promutils/labeled/counter.go:35.54,37.16 2 3
github.com/lyft/flytestdlib/promutils/labeled/counter.go:40.2,42.22 2 3
github.com/lyft/flytestdlib/promutils/labeled/counter.go:37.16,38.21 1 0
github.com/lyft/flytestdlib/promutils/labeled/counter.go:42.22,44.3 1 0
github.com/lyft/flytestdlib/promutils/labeled/counter.go:49.96,50.26 1 1
github.com/lyft/flytestdlib/promutils/labeled/counter.go:54.2,58.27 2 1
github.com/lyft/flytestdlib/promutils/labeled/counter.go:64.2,64.10 1 1
github.com/lyft/flytestdlib/promutils/labeled/counter.go:50.26,51.21 1 0
github.com/lyft/flytestdlib/promutils/labeled/counter.go:58.27,59.85 1 0
github.com/lyft/flytestdlib/promutils/labeled/counter.go:59.85,61.4 1 0
github.com/lyft/flytestdlib/promutils/labeled/keys.go:26.46,27.20 1 5
github.com/lyft/flytestdlib/promutils/labeled/keys.go:31.2,32.29 2 5
github.com/lyft/flytestdlib/promutils/labeled/keys.go:40.2,40.50 1 5
github.com/lyft/flytestdlib/promutils/labeled/keys.go:27.20,28.18 1 0
github.com/lyft/flytestdlib/promutils/labeled/keys.go:32.29,35.40 3 1
github.com/lyft/flytestdlib/promutils/labeled/keys.go:35.40,37.4 1 4
github.com/lyft/flytestdlib/promutils/labeled/keys.go:40.50,41.23 1 1
github.com/lyft/flytestdlib/promutils/labeled/keys.go:45.55,47.2 1 1
github.com/lyft/flytestdlib/promutils/labeled/metric_option.go:13.52,13.53 0 0
github.com/lyft/flytestdlib/promutils/labeled/stopwatch.go:28.53,30.16 2 5
github.com/lyft/flytestdlib/promutils/labeled/stopwatch.go:34.2,34.33 1 5
github.com/lyft/flytestdlib/promutils/labeled/stopwatch.go:38.2,43.3 1 1
github.com/lyft/flytestdlib/promutils/labeled/stopwatch.go:30.16,31.21 1 0
github.com/lyft/flytestdlib/promutils/labeled/stopwatch.go:34.33,36.3 1 4
github.com/lyft/flytestdlib/promutils/labeled/stopwatch.go:48.71,50.16 2 1
github.com/lyft/flytestdlib/promutils/labeled/stopwatch.go:53.2,55.33 2 1
github.com/lyft/flytestdlib/promutils/labeled/stopwatch.go:50.16,51.21 1 0
github.com/lyft/flytestdlib/promutils/labeled/stopwatch.go:55.33,57.3 1 0
github.com/lyft/flytestdlib/promutils/labeled/stopwatch.go:63.56,67.2 3 1
github.com/lyft/flytestdlib/promutils/labeled/stopwatch.go:71.121,72.26 1 2
github.com/lyft/flytestdlib/promutils/labeled/stopwatch.go:76.2,80.27 2 2
github.com/lyft/flytestdlib/promutils/labeled/stopwatch.go:86.2,86.11 1 2
github.com/lyft/flytestdlib/promutils/labeled/stopwatch.go:72.26,73.21 1 0
github.com/lyft/flytestdlib/promutils/labeled/stopwatch.go:80.27,81.79 1 1
github.com/lyft/flytestdlib/promutils/labeled/stopwatch.go:81.79,83.4 1 1
github.com/lyft/flytestdlib/version/version.go:25.42,29.2 3 1
github.com/lyft/flytestdlib/storage/storage.go:84.75,86.16 2 8
github.com/lyft/flytestdlib/storage/storage.go:90.2,90.57 1 8
github.com/lyft/flytestdlib/storage/storage.go:86.16,88.3 1 0
github.com/lyft/flytestdlib/storage/storage.go:93.40,95.2 1 2
github.com/lyft/flytestdlib/storage/utils.go:14.33,15.80 1 2
github.com/lyft/flytestdlib/storage/utils.go:19.2,19.14 1 0
github.com/lyft/flytestdlib/storage/utils.go:15.80,17.3 1 2
github.com/lyft/flytestdlib/storage/utils.go:23.31,24.49 1 0
github.com/lyft/flytestdlib/storage/utils.go:28.2,28.14 1 0
github.com/lyft/flytestdlib/storage/utils.go:24.49,26.3 1 0
github.com/lyft/flytestdlib/storage/utils.go:32.37,34.2 1 1
github.com/lyft/flytestdlib/storage/cached_rawstore.go:37.95,39.47 2 2
github.com/lyft/flytestdlib/storage/cached_rawstore.go:46.2,47.40 2 2
github.com/lyft/flytestdlib/storage/cached_rawstore.go:39.47,45.3 3 0
github.com/lyft/flytestdlib/storage/cached_rawstore.go:51.103,53.47 2 4
github.com/lyft/flytestdlib/storage/cached_rawstore.go:58.2,60.16 3 2
github.com/lyft/flytestdlib/storage/cached_rawstore.go:64.2,64.15 1 1
github.com/lyft/flytestdlib/storage/cached_rawstore.go:71.2,72.16 2 1
github.com/lyft/flytestdlib/storage/cached_rawstore.go:76.2,77.16 2 1
github.com/lyft/flytestdlib/storage/cached_rawstore.go:82.2,82.43 1 1
github.com/lyft/flytestdlib/storage/cached_rawstore.go:53.47,57.3 2 2
github.com/lyft/flytestdlib/storage/cached_rawstore.go:60.16,62.3 1 1
github.com/lyft/flytestdlib/storage/cached_rawstore.go:64.15,66.17 2 1
github.com/lyft/flytestdlib/storage/cached_rawstore.go:66.17,68.4 1 0
github.com/lyft/flytestdlib/storage/cached_rawstore.go:72.16,74.3 1 0
github.com/lyft/flytestdlib/storage/cached_rawstore.go:77.16,80.3 1 0
github.com/lyft/flytestdlib/storage/cached_rawstore.go:86.128,90.16 4 1
github.com/lyft/flytestdlib/storage/cached_rawstore.go:94.2,95.16 2 1
github.com/lyft/flytestdlib/storage/cached_rawstore.go:100.2,100.12 1 1
github.com/lyft/flytestdlib/storage/cached_rawstore.go:90.16,92.3 1 0
github.com/lyft/flytestdlib/storage/cached_rawstore.go:95.16,97.3 1 0
github.com/lyft/flytestdlib/storage/cached_rawstore.go:104.85,105.36 1 6
github.com/lyft/flytestdlib/storage/cached_rawstore.go:122.2,122.14 1 4
github.com/lyft/flytestdlib/storage/cached_rawstore.go:105.36,117.36 2 2
github.com/lyft/flytestdlib/storage/cached_rawstore.go:120.3,120.11 1 2
github.com/lyft/flytestdlib/storage/cached_rawstore.go:117.36,119.4 1 2
github.com/lyft/flytestdlib/storage/localstore.go:12.56,14.66 2 2
github.com/lyft/flytestdlib/storage/localstore.go:18.2,18.19 1 2
github.com/lyft/flytestdlib/storage/localstore.go:14.66,16.3 1 2
github.com/lyft/flytestdlib/storage/localstore.go:22.84,23.29 1 3
github.com/lyft/flytestdlib/storage/localstore.go:27.2,29.16 2 2
github.com/lyft/flytestdlib/storage/localstore.go:33.2,34.16 2 2
github.com/lyft/flytestdlib/storage/localstore.go:47.2,47.66 1 1
github.com/lyft/flytestdlib/storage/localstore.go:23.29,25.3 1 1
github.com/lyft/flytestdlib/storage/localstore.go:29.16,31.3 1 0
github.com/lyft/flytestdlib/storage/localstore.go:34.16,35.22 1 1
github.com/lyft/flytestdlib/storage/localstore.go:44.3,44.25 1 0
github.com/lyft/flytestdlib/storage/localstore.go:35.22,37.36 2 1
github.com/lyft/flytestdlib/storage/localstore.go:41.4,41.68 1 1
github.com/lyft/flytestdlib/storage/localstore.go:37.36,39.5 1 0
github.com/lyft/flytestdlib/storage/protobuf_store.go:33.115,35.16 2 1
github.com/lyft/flytestdlib/storage/protobuf_store.go:39.2,39.15 1 1
github.com/lyft/flytestdlib/storage/protobuf_store.go:46.2,47.16 2 1
github.com/lyft/flytestdlib/storage/protobuf_store.go:51.2,54.16 4 1
github.com/lyft/flytestdlib/storage/protobuf_store.go:59.2,59.12 1 1
github.com/lyft/flytestdlib/storage/protobuf_store.go:35.16,37.3 1 0
github.com/lyft/flytestdlib/storage/protobuf_store.go:39.15,41.17 2 1
github.com/lyft/flytestdlib/storage/protobuf_store.go:41.17,43.4 1 0
github.com/lyft/flytestdlib/storage/protobuf_store.go:47.16,49.3 1 0
github.com/lyft/flytestdlib/storage/protobuf_store.go:54.16,57.3 2 0
github.com/lyft/flytestdlib/storage/protobuf_store.go:62.130,66.16 4 1
github.com/lyft/flytestdlib/storage/protobuf_store.go:71.2,71.80 1 1
github.com/lyft/flytestdlib/storage/protobuf_store.go:66.16,69.3 2 0
github.com/lyft/flytestdlib/storage/protobuf_store.go:74.97,85.2 1 2
github.com/lyft/flytestdlib/storage/rawstores.go:19.88,21.42 2 3
github.com/lyft/flytestdlib/storage/rawstores.go:31.2,31.78 1 0
github.com/lyft/flytestdlib/storage/rawstores.go:21.42,23.17 2 3
github.com/lyft/flytestdlib/storage/rawstores.go:27.3,28.70 2 2
github.com/lyft/flytestdlib/storage/rawstores.go:23.17,25.4 1 1
github.com/lyft/flytestdlib/storage/rawstores.go:35.121,40.2 1 2
github.com/lyft/flytestdlib/storage/s3store.go:18.51,26.66 2 1
github.com/lyft/flytestdlib/storage/s3store.go:30.2,30.60 1 1
github.com/lyft/flytestdlib/storage/s3store.go:34.2,34.60 1 1
github.com/lyft/flytestdlib/storage/s3store.go:38.2,38.57 1 1
github.com/lyft/flytestdlib/storage/s3store.go:42.2,42.19 1 1
github.com/lyft/flytestdlib/storage/s3store.go:26.66,28.3 1 1
github.com/lyft/flytestdlib/storage/s3store.go:30.60,32.3 1 0
github.com/lyft/flytestdlib/storage/s3store.go:34.60,36.3 1 0
github.com/lyft/flytestdlib/storage/s3store.go:38.57,40.3 1 0
github.com/lyft/flytestdlib/storage/s3store.go:46.41,48.2 1 2
github.com/lyft/flytestdlib/storage/s3store.go:50.81,51.29 1 1
github.com/lyft/flytestdlib/storage/s3store.go:55.2,57.16 2 1
github.com/lyft/flytestdlib/storage/s3store.go:61.2,62.16 2 0
github.com/lyft/flytestdlib/storage/s3store.go:77.2,77.58 1 0
github.com/lyft/flytestdlib/storage/s3store.go:51.29,53.3 1 0
github.com/lyft/flytestdlib/storage/s3store.go:57.16,59.3 1 1
github.com/lyft/flytestdlib/storage/s3store.go:62.16,63.50 1 0
github.com/lyft/flytestdlib/storage/s3store.go:74.3,74.25 1 0
github.com/lyft/flytestdlib/storage/s3store.go:63.50,65.18 2 0
github.com/lyft/flytestdlib/storage/s3store.go:72.4,72.107 1 0
github.com/lyft/flytestdlib/storage/s3store.go:65.18,67.36 1 0
github.com/lyft/flytestdlib/storage/s3store.go:67.36,70.6 2 0
github.com/lyft/flytestdlib/storage/s3store.go:80.42,81.21 1 0
github.com/lyft/flytestdlib/storage/s3store.go:85.2,85.62 1 0
github.com/lyft/flytestdlib/storage/s3store.go:89.2,89.14 1 0
github.com/lyft/flytestdlib/storage/s3store.go:81.21,83.3 1 0
github.com/lyft/flytestdlib/storage/s3store.go:85.62,87.3 1 0
github.com/lyft/flytestdlib/storage/s3store.go:92.45,93.19 1 0
github.com/lyft/flytestdlib/storage/s3store.go:97.2,97.62 1 0
github.com/lyft/flytestdlib/storage/s3store.go:101.2,101.14 1 0
github.com/lyft/flytestdlib/storage/s3store.go:93.19,95.3 1 0
github.com/lyft/flytestdlib/storage/s3store.go:97.62,99.3 1 0
github.com/lyft/flytestdlib/storage/url_path.go:20.66,21.60 1 2
github.com/lyft/flytestdlib/storage/url_path.go:25.2,25.19 1 2
github.com/lyft/flytestdlib/storage/url_path.go:21.60,23.3 1 0
github.com/lyft/flytestdlib/storage/url_path.go:28.137,30.16 2 2
github.com/lyft/flytestdlib/storage/url_path.go:35.2,36.16 2 2
github.com/lyft/flytestdlib/storage/url_path.go:41.2,43.39 2 2
github.com/lyft/flytestdlib/storage/url_path.go:30.16,33.3 2 0
github.com/lyft/flytestdlib/storage/url_path.go:36.16,39.3 2 0
github.com/lyft/flytestdlib/storage/config.go:88.26,89.54 1 3
github.com/lyft/flytestdlib/storage/config.go:93.2,94.12 2 0
github.com/lyft/flytestdlib/storage/config.go:89.54,91.3 1 3
github.com/lyft/flytestdlib/storage/config_flags.go:15.57,16.53 1 0
github.com/lyft/flytestdlib/storage/config_flags.go:26.2,26.10 1 0
github.com/lyft/flytestdlib/storage/config_flags.go:16.53,17.33 1 0
github.com/lyft/flytestdlib/storage/config_flags.go:17.33,19.4 1 0
github.com/lyft/flytestdlib/storage/config_flags.go:19.9,21.4 1 0
github.com/lyft/flytestdlib/storage/config_flags.go:22.8,22.21 1 0
github.com/lyft/flytestdlib/storage/config_flags.go:22.21,24.3 1 0
github.com/lyft/flytestdlib/storage/config_flags.go:31.61,45.2 13 2
github.com/lyft/flytestdlib/storage/copy_impl.go:26.103,28.16 2 2
github.com/lyft/flytestdlib/storage/copy_impl.go:32.2,33.46 2 2
github.com/lyft/flytestdlib/storage/copy_impl.go:45.2,45.69 1 2
github.com/lyft/flytestdlib/storage/copy_impl.go:28.16,30.3 1 0
github.com/lyft/flytestdlib/storage/copy_impl.go:33.46,38.17 3 1
github.com/lyft/flytestdlib/storage/copy_impl.go:42.3,42.27 1 1
github.com/lyft/flytestdlib/storage/copy_impl.go:38.17,40.4 1 0
github.com/lyft/flytestdlib/storage/copy_impl.go:48.56,53.2 1 16
github.com/lyft/flytestdlib/storage/copy_impl.go:55.73,60.2 1 16
github.com/lyft/flytestdlib/storage/mem_store.go:25.38,27.2 1 1
github.com/lyft/flytestdlib/storage/mem_store.go:29.39,31.2 1 4
github.com/lyft/flytestdlib/storage/mem_store.go:33.94,36.2 2 2
github.com/lyft/flytestdlib/storage/mem_store.go:38.102,39.45 1 5
github.com/lyft/flytestdlib/storage/mem_store.go:43.2,43.28 1 2
github.com/lyft/flytestdlib/storage/mem_store.go:39.45,41.3 1 3
github.com/lyft/flytestdlib/storage/mem_store.go:47.13,50.16 2 5
github.com/lyft/flytestdlib/storage/mem_store.go:54.2,55.12 2 5
github.com/lyft/flytestdlib/storage/mem_store.go:50.16,52.3 1 0
github.com/lyft/flytestdlib/storage/mem_store.go:58.58,61.2 2 1
github.com/lyft/flytestdlib/storage/mem_store.go:63.80,65.2 1 0
github.com/lyft/flytestdlib/storage/mem_store.go:67.78,74.2 3 9
github.com/lyft/flytestdlib/storage/stow_store.go:43.36,45.2 1 0
github.com/lyft/flytestdlib/storage/stow_store.go:47.37,49.2 1 2
github.com/lyft/flytestdlib/storage/stow_store.go:51.82,52.37 1 7
github.com/lyft/flytestdlib/storage/stow_store.go:57.2,57.25 1 7
github.com/lyft/flytestdlib/storage/stow_store.go:52.37,55.3 2 0
github.com/lyft/flytestdlib/storage/stow_store.go:60.90,62.16 2 2
github.com/lyft/flytestdlib/storage/stow_store.go:67.2,68.16 2 2
github.com/lyft/flytestdlib/storage/stow_store.go:72.2,74.16 3 2
github.com/lyft/flytestdlib/storage/stow_store.go:86.2,87.21 2 0
github.com/lyft/flytestdlib/storage/stow_store.go:90.2,90.67 1 0
github.com/lyft/flytestdlib/storage/stow_store.go:62.16,65.3 2 0
github.com/lyft/flytestdlib/storage/stow_store.go:68.16,70.3 1 0
github.com/lyft/flytestdlib/storage/stow_store.go:74.16,75.43 1 2
github.com/lyft/flytestdlib/storage/stow_store.go:75.43,77.18 2 2
github.com/lyft/flytestdlib/storage/stow_store.go:77.18,83.5 2 2
github.com/lyft/flytestdlib/storage/stow_store.go:87.21,89.3 1 0
github.com/lyft/flytestdlib/storage/stow_store.go:93.98,95.16 2 3
github.com/lyft/flytestdlib/storage/stow_store.go:100.2,101.16 2 3
github.com/lyft/flytestdlib/storage/stow_store.go:105.2,107.16 3 3
github.com/lyft/flytestdlib/storage/stow_store.go:111.2,114.16 3 3
github.com/lyft/flytestdlib/storage/stow_store.go:118.2,118.58 1 3
github.com/lyft/flytestdlib/storage/stow_store.go:122.2,122.20 1 2
github.com/lyft/flytestdlib/storage/stow_store.go:95.16,98.3 2 0
github.com/lyft/flytestdlib/storage/stow_store.go:101.16,103.3 1 0
github.com/lyft/flytestdlib/storage/stow_store.go:107.16,110.3 2 0
github.com/lyft/flytestdlib/storage/stow_store.go:114.16,116.3 1 0
github.com/lyft/flytestdlib/storage/stow_store.go:118.58,120.3 1 1
github.com/lyft/flytestdlib/storage/stow_store.go:125.123,127.16 2 2
github.com/lyft/flytestdlib/storage/stow_store.go:132.2,133.16 2 2
github.com/lyft/flytestdlib/storage/stow_store.go:137.2,139.16 3 2
github.com/lyft/flytestdlib/storage/stow_store.go:143.2,145.12 2 2
github.com/lyft/flytestdlib/storage/stow_store.go:127.16,130.3 2 0
github.com/lyft/flytestdlib/storage/stow_store.go:133.16,135.3 1 0
github.com/lyft/flytestdlib/storage/stow_store.go:139.16,142.3 2 0
github.com/lyft/flytestdlib/storage/stow_store.go:148.76,150.2 1 1
github.com/lyft/flytestdlib/storage/stow_store.go:152.130,174.2 3 4
github.com/lyft/flytestdlib/utils/auto_refresh_cache.go:52.95,53.44 1 0
github.com/lyft/flytestdlib/utils/auto_refresh_cache.go:53.44,55.3 1 0
github.com/lyft/flytestdlib/utils/auto_refresh_cache.go:59.61,63.18 2 3
github.com/lyft/flytestdlib/utils/auto_refresh_cache.go:67.2,68.16 2 3
github.com/lyft/flytestdlib/utils/auto_refresh_cache.go:72.2,80.19 2 3
github.com/lyft/flytestdlib/utils/auto_refresh_cache.go:63.18,66.3 2 0
github.com/lyft/flytestdlib/utils/auto_refresh_cache.go:68.16,70.3 1 0
github.com/lyft/flytestdlib/utils/auto_refresh_cache.go:97.55,98.23 1 3
github.com/lyft/flytestdlib/utils/auto_refresh_cache.go:98.23,98.38 1 429
github.com/lyft/flytestdlib/utils/auto_refresh_cache.go:101.53,102.37 1 21
github.com/lyft/flytestdlib/utils/auto_refresh_cache.go:105.2,105.12 1 10
github.com/lyft/flytestdlib/utils/auto_refresh_cache.go:102.37,104.3 1 11
github.com/lyft/flytestdlib/utils/auto_refresh_cache.go:110.75,111.44 1 22
github.com/lyft/flytestdlib/utils/auto_refresh_cache.go:115.2,116.18 2 22
github.com/lyft/flytestdlib/utils/auto_refresh_cache.go:111.44,113.3 1 0
github.com/lyft/flytestdlib/utils/auto_refresh_cache.go:130.54,132.25 2 429
github.com/lyft/flytestdlib/utils/auto_refresh_cache.go:132.25,135.40 1 3782
github.com/lyft/flytestdlib/utils/auto_refresh_cache.go:135.40,137.18 2 3782
github.com/lyft/flytestdlib/utils/auto_refresh_cache.go:141.4,141.24 1 3782
github.com/lyft/flytestdlib/utils/auto_refresh_cache.go:137.18,139.5 1 0
github.com/lyft/flytestdlib/utils/auto_refresh_cache.go:141.24,143.5 1 102
github.com/lyft/flytestdlib/utils/auto_refresh_cache.go:143.10,143.31 1 3680
github.com/lyft/flytestdlib/utils/auto_refresh_cache.go:143.31,145.5 1 10
github.com/lyft/flytestdlib/utils/marshal_utils.go:17.79,18.22 1 3
github.com/lyft/flytestdlib/utils/marshal_utils.go:22.2,22.16 1 2
github.com/lyft/flytestdlib/utils/marshal_utils.go:26.2,27.16 2 2
github.com/lyft/flytestdlib/utils/marshal_utils.go:31.2,31.60 1 2
github.com/lyft/flytestdlib/utils/marshal_utils.go:35.2,35.12 1 2
github.com/lyft/flytestdlib/utils/marshal_utils.go:18.22,20.3 1 1
github.com/lyft/flytestdlib/utils/marshal_utils.go:22.16,24.3 1 0
github.com/lyft/flytestdlib/utils/marshal_utils.go:27.16,29.3 1 0
github.com/lyft/flytestdlib/utils/marshal_utils.go:31.60,33.3 1 0
github.com/lyft/flytestdlib/utils/marshal_utils.go:39.76,40.15 1 3
github.com/lyft/flytestdlib/utils/marshal_utils.go:44.2,45.58 2 3
github.com/lyft/flytestdlib/utils/marshal_utils.go:49.2,50.75 2 3
github.com/lyft/flytestdlib/utils/marshal_utils.go:54.2,54.17 1 3
github.com/lyft/flytestdlib/utils/marshal_utils.go:40.15,42.3 1 0
github.com/lyft/flytestdlib/utils/marshal_utils.go:45.58,47.3 1 0
github.com/lyft/flytestdlib/utils/marshal_utils.go:50.75,52.3 1 0
github.com/lyft/flytestdlib/utils/marshal_utils.go:58.59,60.2 1 3
github.com/lyft/flytestdlib/utils/marshal_utils.go:64.70,65.48 1 3
github.com/lyft/flytestdlib/utils/marshal_utils.go:69.2,70.16 2 2
github.com/lyft/flytestdlib/utils/marshal_utils.go:75.2,76.72 2 2
github.com/lyft/flytestdlib/utils/marshal_utils.go:80.2,80.23 1 1
github.com/lyft/flytestdlib/utils/marshal_utils.go:65.48,67.3 1 1
github.com/lyft/flytestdlib/utils/marshal_utils.go:70.16,72.3 1 0
github.com/lyft/flytestdlib/utils/marshal_utils.go:76.72,78.3 1 1
github.com/lyft/flytestdlib/utils/rate_limiter.go:21.55,23.44 2 106
github.com/lyft/flytestdlib/utils/rate_limiter.go:26.2,26.12 1 105
github.com/lyft/flytestdlib/utils/rate_limiter.go:23.44,25.3 1 1
github.com/lyft/flytestdlib/utils/rate_limiter.go:30.81,35.2 1 5
github.com/lyft/flytestdlib/utils/sequencer.go:22.31,23.17 1 1
github.com/lyft/flytestdlib/utils/sequencer.go:27.2,27.17 1 1
github.com/lyft/flytestdlib/utils/sequencer.go:23.17,26.3 2 1
github.com/lyft/flytestdlib/utils/sequencer.go:31.37,34.2 2 3
github.com/lyft/flytestdlib/utils/sequencer.go:37.36,39.2 1 1
github.com/lyft/flytestdlib/cli/pflags/api/tag.go:30.46,32.16 2 24
github.com/lyft/flytestdlib/cli/pflags/api/tag.go:36.2,39.16 3 24
github.com/lyft/flytestdlib/cli/pflags/api/tag.go:43.2,44.16 2 24
github.com/lyft/flytestdlib/cli/pflags/api/tag.go:65.2,65.15 1 24
github.com/lyft/flytestdlib/cli/pflags/api/tag.go:32.16,34.3 1 0
github.com/lyft/flytestdlib/cli/pflags/api/tag.go:39.16,41.3 1 24
github.com/lyft/flytestdlib/cli/pflags/api/tag.go:44.16,46.17 2 18
github.com/lyft/flytestdlib/cli/pflags/api/tag.go:51.3,52.24 2 18
github.com/lyft/flytestdlib/cli/pflags/api/tag.go:56.3,56.24 1 18
github.com/lyft/flytestdlib/cli/pflags/api/tag.go:46.17,49.4 2 0
github.com/lyft/flytestdlib/cli/pflags/api/tag.go:52.24,54.4 1 3
github.com/lyft/flytestdlib/cli/pflags/api/tag.go:56.24,58.4 1 14
github.com/lyft/flytestdlib/cli/pflags/api/tag.go:59.8,63.3 1 6
github.com/lyft/flytestdlib/cli/pflags/api/templates.go:8.66,10.2 1 1
github.com/lyft/flytestdlib/cli/pflags/api/templates.go:12.66,14.2 1 1
github.com/lyft/flytestdlib/cli/pflags/api/utils.go:10.35,11.19 1 14
github.com/lyft/flytestdlib/cli/pflags/api/utils.go:15.2,16.32 2 14
github.com/lyft/flytestdlib/cli/pflags/api/utils.go:20.2,20.12 1 0
github.com/lyft/flytestdlib/cli/pflags/api/utils.go:11.19,13.3 1 0
github.com/lyft/flytestdlib/cli/pflags/api/utils.go:16.32,18.3 1 14
github.com/lyft/flytestdlib/cli/pflags/api/utils.go:23.43,26.2 2 8
github.com/lyft/flytestdlib/cli/pflags/api/utils.go:28.36,31.2 2 7
github.com/lyft/flytestdlib/cli/pflags/api/utils.go:33.97,35.35 2 15
github.com/lyft/flytestdlib/cli/pflags/api/utils.go:40.2,41.35 2 15
github.com/lyft/flytestdlib/cli/pflags/api/utils.go:47.2,47.21 1 11
github.com/lyft/flytestdlib/cli/pflags/api/utils.go:35.35,36.36 1 15
github.com/lyft/flytestdlib/cli/pflags/api/utils.go:36.36,38.4 1 0
github.com/lyft/flytestdlib/cli/pflags/api/utils.go:41.35,42.36 1 15
github.com/lyft/flytestdlib/cli/pflags/api/utils.go:42.36,44.4 1 4
github.com/lyft/flytestdlib/cli/pflags/api/generator.go:44.34,45.32 1 2
github.com/lyft/flytestdlib/cli/pflags/api/generator.go:49.2,49.10 1 0
github.com/lyft/flytestdlib/cli/pflags/api/generator.go:45.32,47.3 1 2
github.com/lyft/flytestdlib/cli/pflags/api/generator.go:52.123,57.43 5 3
github.com/lyft/flytestdlib/cli/pflags/api/generator.go:72.2,73.28 2 3
github.com/lyft/flytestdlib/cli/pflags/api/generator.go:78.2,87.8 1 3
github.com/lyft/flytestdlib/cli/pflags/api/generator.go:57.43,59.35 2 1
github.com/lyft/flytestdlib/cli/pflags/api/generator.go:59.35,63.4 1 0
github.com/lyft/flytestdlib/cli/pflags/api/generator.go:64.8,70.3 5 2
github.com/lyft/flytestdlib/cli/pflags/api/generator.go:73.28,76.3 2 1
github.com/lyft/flytestdlib/cli/pflags/api/generator.go:92.50,94.24 2 26
github.com/lyft/flytestdlib/cli/pflags/api/generator.go:101.2,101.30 1 26
github.com/lyft/flytestdlib/cli/pflags/api/generator.go:117.2,117.20 1 26
github.com/lyft/flytestdlib/cli/pflags/api/generator.go:95.9,96.12 1 0
github.com/lyft/flytestdlib/cli/pflags/api/generator.go:97.9,98.22 1 0
github.com/lyft/flytestdlib/cli/pflags/api/generator.go:101.30,102.17 1 73
github.com/lyft/flytestdlib/cli/pflags/api/generator.go:102.17,103.20 1 65
github.com/lyft/flytestdlib/cli/pflags/api/generator.go:110.4,110.47 1 65
github.com/lyft/flytestdlib/cli/pflags/api/generator.go:103.20,104.50 1 39
github.com/lyft/flytestdlib/cli/pflags/api/generator.go:104.50,107.6 2 0
github.com/lyft/flytestdlib/cli/pflags/api/generator.go:110.47,113.5 2 0
github.com/lyft/flytestdlib/cli/pflags/api/generator.go:124.130,132.38 5 6
github.com/lyft/flytestdlib/cli/pflags/api/generator.go:280.2,280.20 1 6
github.com/lyft/flytestdlib/cli/pflags/api/generator.go:132.38,134.19 2 24
github.com/lyft/flytestdlib/cli/pflags/api/generator.go:139.3,140.17 2 24
github.com/lyft/flytestdlib/cli/pflags/api/generator.go:144.3,144.25 1 24
github.com/lyft/flytestdlib/cli/pflags/api/generator.go:148.3,150.12 3 24
github.com/lyft/flytestdlib/cli/pflags/api/generator.go:154.3,154.26 1 24
github.com/lyft/flytestdlib/cli/pflags/api/generator.go:134.19,135.12 1 0
github.com/lyft/flytestdlib/cli/pflags/api/generator.go:140.17,142.4 1 0
github.com/lyft/flytestdlib/cli/pflags/api/generator.go:144.25,146.4 1 0
github.com/lyft/flytestdlib/cli/pflags/api/generator.go:150.12,152.4 1 1
github.com/lyft/flytestdlib/cli/pflags/api/generator.go:155.21,156.34 1 14
github.com/lyft/flytestdlib/cli/pflags/api/generator.go:160.4,163.35 3 14
github.com/lyft/flytestdlib/cli/pflags/api/generator.go:170.4,170.18 1 14
github.com/lyft/flytestdlib/cli/pflags/api/generator.go:175.4,176.37 2 14
github.com/lyft/flytestdlib/cli/pflags/api/generator.go:184.4,193.6 1 14
github.com/lyft/flytestdlib/cli/pflags/api/generator.go:194.21,195.64 1 7
github.com/lyft/flytestdlib/cli/pflags/api/generator.go:202.4,205.37 3 7
github.com/lyft/flytestdlib/cli/pflags/api/generator.go:216.4,217.27 2 7
github.com/lyft/flytestdlib/cli/pflags/api/generator.go:221.4,223.23 2 7
github.com/lyft/flytestdlib/cli/pflags/api/generator.go:257.21,261.18 3 3
github.com/lyft/flytestdlib/cli/pflags/api/generator.go:265.4,265.30 1 3
github.com/lyft/flytestdlib/cli/pflags/api/generator.go:266.21,270.18 3 0
github.com/lyft/flytestdlib/cli/pflags/api/generator.go:274.4,274.30 1 0
github.com/lyft/flytestdlib/cli/pflags/api/generator.go:275.11,276.60 1 0
github.com/lyft/flytestdlib/cli/pflags/api/generator.go:156.34,158.5 1 12
github.com/lyft/flytestdlib/cli/pflags/api/generator.go:163.35,164.33 1 70
github.com/lyft/flytestdlib/cli/pflags/api/generator.go:164.33,166.11 2 14
github.com/lyft/flytestdlib/cli/pflags/api/generator.go:170.18,173.5 1 0
github.com/lyft/flytestdlib/cli/pflags/api/generator.go:176.37,179.14 2 14
github.com/lyft/flytestdlib/cli/pflags/api/generator.go:179.14,181.6 1 1
github.com/lyft/flytestdlib/cli/pflags/api/generator.go:195.64,198.5 1 0
github.com/lyft/flytestdlib/cli/pflags/api/generator.go:205.37,207.22 2 7
github.com/lyft/flytestdlib/cli/pflags/api/generator.go:207.22,209.6 1 1
github.com/lyft/flytestdlib/cli/pflags/api/generator.go:209.11,213.6 2 6
github.com/lyft/flytestdlib/cli/pflags/api/generator.go:217.27,219.5 1 0
github.com/lyft/flytestdlib/cli/pflags/api/generator.go:223.23,236.5 2 2
github.com/lyft/flytestdlib/cli/pflags/api/generator.go:236.10,240.19 3 5
github.com/lyft/flytestdlib/cli/pflags/api/generator.go:244.5,244.37 1 5
github.com/lyft/flytestdlib/cli/pflags/api/generator.go:240.19,242.6 1 0
github.com/lyft/flytestdlib/cli/pflags/api/generator.go:244.37,255.6 1 21
github.com/lyft/flytestdlib/cli/pflags/api/generator.go:261.18,263.5 1 0
github.com/lyft/flytestdlib/cli/pflags/api/generator.go:270.18,272.5 1 0
github.com/lyft/flytestdlib/cli/pflags/api/generator.go:286.101,290.32 3 1
github.com/lyft/flytestdlib/cli/pflags/api/generator.go:298.2,299.16 2 1
github.com/lyft/flytestdlib/cli/pflags/api/generator.go:303.2,304.16 2 1
github.com/lyft/flytestdlib/cli/pflags/api/generator.go:308.2,309.40 2 1
github.com/lyft/flytestdlib/cli/pflags/api/generator.go:316.2,318.16 3 1
github.com/lyft/flytestdlib/cli/pflags/api/generator.go:322.2,322.23 1 1
github.com/lyft/flytestdlib/cli/pflags/api/generator.go:328.2,332.8 1 1
github.com/lyft/flytestdlib/cli/pflags/api/generator.go:290.32,292.17 2 1
github.com/lyft/flytestdlib/cli/pflags/api/generator.go:295.3,295.35 1 1
github.com/lyft/flytestdlib/cli/pflags/api/generator.go:292.17,294.4 1 0
github.com/lyft/flytestdlib/cli/pflags/api/generator.go:299.16,301.3 1 0
github.com/lyft/flytestdlib/cli/pflags/api/generator.go:304.16,306.3 1 0
github.com/lyft/flytestdlib/cli/pflags/api/generator.go:310.21,311.33 1 1
github.com/lyft/flytestdlib/cli/pflags/api/generator.go:312.10,313.100 1 0
github.com/lyft/flytestdlib/cli/pflags/api/generator.go:318.16,320.3 1 1
github.com/lyft/flytestdlib/cli/pflags/api/generator.go:322.23,324.3 1 1
github.com/lyft/flytestdlib/cli/pflags/api/generator.go:324.8,326.3 1 0
github.com/lyft/flytestdlib/cli/pflags/api/generator.go:335.67,337.2 1 0
github.com/lyft/flytestdlib/cli/pflags/api/generator.go:339.86,341.25 2 1
github.com/lyft/flytestdlib/cli/pflags/api/generator.go:345.2,346.16 2 1
github.com/lyft/flytestdlib/cli/pflags/api/generator.go:350.2,350.64 1 1
github.com/lyft/flytestdlib/cli/pflags/api/generator.go:341.25,343.3 1 1
github.com/lyft/flytestdlib/cli/pflags/api/generator.go:346.16,348.3 1 0
github.com/lyft/flytestdlib/cli/pflags/api/pflag_provider.go:22.52,24.29 2 2
github.com/lyft/flytestdlib/cli/pflags/api/pflag_provider.go:28.2,28.22 1 2
github.com/lyft/flytestdlib/cli/pflags/api/pflag_provider.go:24.29,26.3 1 38
github.com/lyft/flytestdlib/cli/pflags/api/pflag_provider.go:32.67,35.16 3 1
github.com/lyft/flytestdlib/cli/pflags/api/pflag_provider.go:39.2,39.44 1 1
github.com/lyft/flytestdlib/cli/pflags/api/pflag_provider.go:35.16,37.3 1 0
github.com/lyft/flytestdlib/cli/pflags/api/pflag_provider.go:43.67,46.16 3 1
github.com/lyft/flytestdlib/cli/pflags/api/pflag_provider.go:50.2,50.44 1 1
github.com/lyft/flytestdlib/cli/pflags/api/pflag_provider.go:46.16,48.3 1 0
github.com/lyft/flytestdlib/cli/pflags/api/pflag_provider.go:53.81,55.2 1 2
github.com/lyft/flytestdlib/cli/pflags/api/pflag_provider.go:59.143,68.48 2 2
github.com/lyft/flytestdlib/cli/pflags/api/pflag_provider.go:73.2,74.16 2 2
github.com/lyft/flytestdlib/cli/pflags/api/pflag_provider.go:78.2,81.12 3 2
github.com/lyft/flytestdlib/cli/pflags/api/pflag_provider.go:68.48,70.3 1 0
github.com/lyft/flytestdlib/cli/pflags/api/pflag_provider.go:74.16,76.3 1 0
github.com/lyft/flytestdlib/cli/pflags/api/pflag_provider.go:84.94,90.2 1 1
github.com/lyft/flytestdlib/cli/pflags/api/sample.go:35.57,36.17 1 0
github.com/lyft/flytestdlib/cli/pflags/api/sample.go:41.2,42.46 2 0
github.com/lyft/flytestdlib/cli/pflags/api/sample.go:45.2,45.27 1 0
github.com/lyft/flytestdlib/cli/pflags/api/sample.go:56.2,56.12 1 0
github.com/lyft/flytestdlib/cli/pflags/api/sample.go:36.17,39.3 2 0
github.com/lyft/flytestdlib/cli/pflags/api/sample.go:42.46,44.3 1 0
github.com/lyft/flytestdlib/cli/pflags/api/sample.go:46.14,47.22 1 0
github.com/lyft/flytestdlib/cli/pflags/api/sample.go:52.10,53.40 1 0
github.com/lyft/flytestdlib/cli/pflags/api/sample.go:47.22,49.4 1 0
github.com/lyft/flytestdlib/cli/pflags/api/sample.go:49.9,51.4 1 0
